<?xml version="1.0" encoding="UTF-8"?>
<!-- Generated by org.testng.reporters.JUnitXMLReporter -->
<testsuite ignored="0" hostname="DESKTOP-H50J06T" failures="3" tests="4" name="Validating Add New Customer" time="52.43" errors="0" timestamp="2021-05-14T09:33:06 ICT">
  <testcase classname="TPOS.CATEGORY.Customer" name="customer_url3" time="12.991"/>
  <testcase classname="TPOS.CATEGORY.Customer" name="AddNewCustomer3" time="12.267">
    <failure type="java.lang.AssertionError" message="expected [https://tmt30.tpos.vn/#/app/partner/customer/form] but found [https://tmt30.tpos.vn/#/app/fastsaleorder/refundform1]">
      <![CDATA[java.lang.AssertionError: expected [https://tmt30.tpos.vn/#/app/partner/customer/form] but found [https://tmt30.tpos.vn/#/app/fastsaleorder/refundform1]
at resources.AddMyCustomer.AddNewCustomer(AddMyCustomer.java:103)
at TPOS.CATEGORY.Customer.AddNewCustomer3(Customer.java:108)
at java.base/java.util.ArrayList.forEach(ArrayList.java:1511)
... Removed 33 stack frames]]>
    </failure>
  </testcase> <!-- AddNewCustomer3 -->
  <testcase classname="TPOS.CATEGORY.Customer" name="AddNewCustomer3" time="12.339">
    <failure type="java.lang.AssertionError" message="expected [https://tmt30.tpos.vn/#/app/partner/customer/form] but found [https://tmt30.tpos.vn/#/app/fastsaleorder/refundform1]">
      <![CDATA[java.lang.AssertionError: expected [https://tmt30.tpos.vn/#/app/partner/customer/form] but found [https://tmt30.tpos.vn/#/app/fastsaleorder/refundform1]
at resources.AddMyCustomer.AddNewCustomer(AddMyCustomer.java:103)
at TPOS.CATEGORY.Customer.AddNewCustomer3(Customer.java:108)
at java.base/java.util.ArrayList.forEach(ArrayList.java:1511)
... Removed 33 stack frames]]>
    </failure>
  </testcase> <!-- AddNewCustomer3 -->
  <testcase classname="TPOS.CATEGORY.Customer" name="AddNewCustomer3" time="9.986">
    <failure type="org.openqa.selenium.ElementClickInterceptedException" message="element click intercepted: Element &amp;lt;button title=&amp;quot;Thêm khách hàng&amp;quot; class=&amp;quot;btn btn-default&amp;quot; type=&amp;quot;button&amp;quot; ng-click=&amp;quot;vm.create_customer_modal()&amp;quot;&amp;gt;...&amp;lt;/button&amp;gt; is not clickable at point (687, 203). Other element would receive the click: &amp;lt;div class=&amp;quot;clearfix&amp;quot;&amp;gt;&amp;lt;/div&amp;gt;
  (Session info: chrome=90.0.4430.212)
Build info: version: &amp;apos;3.141.59&amp;apos;, revision: &amp;apos;e82be7d358&amp;apos;, time: &amp;apos;2018-11-14T08:25:48&amp;apos;
System info: host: &amp;apos;DESKTOP-H50J06T&amp;apos;, ip: &amp;apos;192.168.0.183&amp;apos;, os.name: &amp;apos;Windows 10&amp;apos;, os.arch: &amp;apos;amd64&amp;apos;, os.version: &amp;apos;10.0&amp;apos;, java.version: &amp;apos;16&amp;apos;
Driver info: org.openqa.selenium.chrome.ChromeDriver
Capabilities {acceptInsecureCerts: false, browserName: chrome, browserVersion: 90.0.4430.212, chrome: {chromedriverVersion: 89.0.4389.23 (61b08ee2c5002..., userDataDir: C:\Users\TMT\AppData\Local\...}, goog:chromeOptions: {debuggerAddress: localhost:59966}, javascriptEnabled: true, networkConnectionEnabled: false, pageLoadStrategy: normal, platform: WINDOWS, platformName: WINDOWS, proxy: Proxy(), setWindowRect: true, strictFileInteractability: false, timeouts: {implicit: 0, pageLoad: 300000, script: 30000}, unhandledPromptBehavior: dismiss and notify, webauthn:extension:largeBlob: true, webauthn:virtualAuthenticators: true}
Session ID: b9e7a73a4c0ad86da215e07f72267786">
      <![CDATA[org.openqa.selenium.ElementClickInterceptedException: element click intercepted: Element <button title="Thêm khách hàng" class="btn btn-default" type="button" ng-click="vm.create_customer_modal()">...</button> is not clickable at point (687, 203). Other element would receive the click: <div class="clearfix"></div>
  (Session info: chrome=90.0.4430.212)
Build info: version: '3.141.59', revision: 'e82be7d358', time: '2018-11-14T08:25:48'
System info: host: 'DESKTOP-H50J06T', ip: '192.168.0.183', os.name: 'Windows 10', os.arch: 'amd64', os.version: '10.0', java.version: '16'
Driver info: org.openqa.selenium.chrome.ChromeDriver
Capabilities {acceptInsecureCerts: false, browserName: chrome, browserVersion: 90.0.4430.212, chrome: {chromedriverVersion: 89.0.4389.23 (61b08ee2c5002..., userDataDir: C:\Users\TMT\AppData\Local\...}, goog:chromeOptions: {debuggerAddress: localhost:59966}, javascriptEnabled: true, networkConnectionEnabled: false, pageLoadStrategy: normal, platform: WINDOWS, platformName: WINDOWS, proxy: Proxy(), setWindowRect: true, strictFileInteractability: false, timeouts: {implicit: 0, pageLoad: 300000, script: 30000}, unhandledPromptBehavior: dismiss and notify, webauthn:extension:largeBlob: true, webauthn:virtualAuthenticators: true}
Session ID: b9e7a73a4c0ad86da215e07f72267786
at org.openqa.selenium.remote.http.W3CHttpResponseCodec.createException(W3CHttpResponseCodec.java:187)
at org.openqa.selenium.remote.http.W3CHttpResponseCodec.decode(W3CHttpResponseCodec.java:122)
at org.openqa.selenium.remote.http.W3CHttpResponseCodec.decode(W3CHttpResponseCodec.java:49)
at org.openqa.selenium.remote.HttpCommandExecutor.execute(HttpCommandExecutor.java:158)
at org.openqa.selenium.remote.service.DriverCommandExecutor.execute(DriverCommandExecutor.java:83)
at org.openqa.selenium.remote.RemoteWebDriver.execute(RemoteWebDriver.java:552)
at org.openqa.selenium.remote.RemoteWebElement.execute(RemoteWebElement.java:285)
at org.openqa.selenium.remote.RemoteWebElement.click(RemoteWebElement.java:84)
at resources.AddMyCustomer.AddNewCustomer(AddMyCustomer.java:97)
at TPOS.CATEGORY.Customer.AddNewCustomer3(Customer.java:108)
at java.base/java.util.ArrayList.forEach(ArrayList.java:1511)
... Removed 32 stack frames]]>
    </failure>
  </testcase> <!-- AddNewCustomer3 -->
</testsuite> <!-- Validating Add New Customer -->
